582.999989
591.000002
608.999998
630.000011
642.999994
611.000000
604.999999
610.000007
584.000002
568.999996
554.999999
579.000006
618.999982
563.999990
593.999992
616.000002
577.000001
603.999989
574.999977
599.999994
606.999996
606.000003
611.999994
563.000006
579.999999
607.999998
613.999999
626.999998
637.000003
594.999994
587.000026
603.999969
591.000004
596.000007
631.000003
581.000001
598.000010
631.000008
589.000004
633.000002
614.000010
585.000001
628.999999
560.000015
630.999999
588.999987
618.000017
624.999987
617.999993
575.999997
590.000013
598.000010
618.000010
623.000013
576.999986
545.999990
592.000000
606.999991
622.000000
580.000002
580.999988
606.999994
667.000017
620.999997
571.999994
604.000004
593.999986
616.000006
597.999990
595.999993
578.000009
641.999987
610.999994
600.000008
569.000011
606.999989
625.999992
573.000000
622.000013
562.999988
605.000007
581.999993
600.000021
607.000003
597.999997
622.999989
610.999998
646.999999
620.000003
583.999971
617.000007
620.999984
610.000001
604.999992
627.000011
614.000009
624.000003
586.000006
617.000008
572.000002
575.000001
639.999991
600.000003
602.000007
603.000001
607.999999
592.999998
579.000001
583.000002
559.999997
623.000000
571.000007
643.999991
642.000000
629.000000
605.000007
616.999998
595.999990
604.000006
648.000000
644.999993
608.999992
606.999969
611.999994
615.999997
565.000006
644.999992
586.000010
597.000005
591.000000
602.000005
597.999998
592.999984
629.999998
610.999999
539.999983
596.999999
620.999982
597.000019
570.999984
583.999998
555.000008
588.000015
610.999995
602.000011
614.000005
604.000011
610.000005
622.999997
585.000017
610.000019
613.999992
572.999986
570.000008
610.000028
588.999994
608.000000
564.000001
581.000007
624.999981
612.999990
576.999997
571.999993
597.999994
549.000007
644.000000
591.000001
609.000001
581.999986
582.000012
597.000000
600.000002
636.000000
608.999999
625.000008
574.999991
617.000010
588.000004
601.000007
586.999995
631.999998
620.999998
606.000003
578.999995
600.000003
565.000007
604.000009
600.999999
600.999983
550.000006
585.000000
584.000007
537.000007
568.000006
609.999990
578.999992
607.999998
639.000016
580.000005
602.999997
623.000003
573.000000
630.000001
657.000012
587.000006
614.999986
574.000008
598.000000
571.000004
612.000010
576.000000
590.999979
549.999981
571.999993
612.999996
566.000005
571.000013
610.999997
582.000012
606.000001
653.000019
613.000008
581.999990
599.000009
573.999968
579.999990
618.999990
577.999983
596.999985
582.000000
582.000000
620.000020
594.000001
596.999996
602.000026
627.999997
606.000030
562.999978
603.000005
628.999980
619.000006
640.999998
622.999992
569.999988
591.000003
557.999997
576.999992
586.000011
591.000032
640.000012
612.000008
584.999998
597.999985
616.999997
585.000000
597.999991
563.999994
590.999999
653.000013
594.000002
641.999996
623.999984
584.000019
567.000023
599.999990
567.000003
602.999992
607.999995
607.000018
569.999998
591.999988
601.999999
569.000017
578.000014
591.000002
610.999991
573.999988
553.000012
612.000010
629.000004
620.999988
665.999976
549.999986
630.999997
612.000009
624.999995
639.999999
586.999999
582.999972
578.999990
619.999986
571.000021
614.000006
623.999998
597.000005
627.999981
577.999999
631.000003
590.000003
591.000004
611.999983
582.999995
556.999989
623.999996
610.000004
580.000013
592.999989
573.000003
572.999969
582.000002
613.999999
592.000000
625.999998
610.000020
587.999988
590.000003
579.000007
574.999997
612.999994
620.999991
651.000025
615.000008
592.999995
629.999999
641.999998
582.999994
560.999970
597.000005
632.000007
600.000000
632.000007
599.999991
560.000007
615.000001
651.999976
593.999994
584.000019
587.999998
601.000018
602.000015
578.999989
657.000003
602.000014
607.999998
610.000004
613.000004
538.999999
594.000001
643.000003
547.000005
596.000010
598.000005
577.000001
590.000010
624.999970
571.999989
609.000003
596.000013
597.000014
614.999971
640.000005
581.000000
575.999989
606.000009
599.999989
596.000006
606.999992
545.000016
642.000001
568.000006
654.999995
614.000000
615.999999
609.999999
558.000020
598.000025
610.000007
607.000011
564.000016
597.000013
626.000003
605.000014
590.999993
582.000005
642.999999
613.999987
618.000012
644.999984
598.999983
599.999993
590.999989
579.999996
587.999984
608.999990
633.999991
607.000006
645.000008
561.000006
619.000008
607.000007
591.000010
599.999999
591.000013
595.000000
623.000006
640.999989
598.999996
639.000007
579.999991
646.999994
633.000003
597.000000
582.000019
625.999995
592.000010
601.000024
618.999991
594.999980
589.000010
560.000018
624.000014
609.000000
605.000000
592.999990
588.999987
587.000008
580.000004
573.000020
574.999992
623.000006
610.000008
563.000023
601.999986
606.000020
647.000002
590.000008
607.999999
599.999996
577.999995
602.000005
611.999997
600.000023
592.999986
559.999990
594.000005
616.999997
607.999995
598.000002
624.999968
596.999998
586.999995
618.999982
608.000002
579.000020
614.999980
595.000007
593.999997
605.000005
621.000016
591.000004
601.000021
604.999987
549.000000
671.000000
627.000007
627.000006
585.999997
565.999997
610.000001
604.999998
555.000019
585.000005
596.000014
598.999999
589.000000
633.999978
588.000016
570.000002
624.999999
593.000005
622.999992
603.999987
558.999999
590.999988
596.999997
569.000012
595.999996
586.999985
580.999987
588.000010
604.000007
629.000011
625.999993
576.999999
600.000005
603.999982
592.999995
612.000002
601.999997
621.000000
636.000000
572.000002
592.000003
597.999970
573.999991
536.000011
602.000009
604.000013
583.000003
592.000005
581.999990
564.999982
571.000008
586.999975
587.999985
621.000005
602.999997
639.999994
594.000010
599.000000
598.999991
581.000008
600.999987
580.999993
566.999995
598.000000
556.999996
602.999990
600.999992
610.000006
551.999996
580.999979
625.999998
624.000006
662.000011
626.999998
636.000025
606.999995
601.000002
610.000000
571.000002
585.000002
590.999995
643.999996
619.000000
570.999997
583.999997
589.000001
612.000007
617.999991
554.999989
637.000008
596.999985
579.999991
632.000000
627.000007
611.000008
582.999990
639.999991
642.000008
562.000000
611.999994
621.999997
626.000014
604.000014
597.999996
592.999997
615.999999
613.000008
605.999995
604.999996
597.999990
577.000000
577.999993
620.999994
590.000008
670.000001
631.999989
616.999998
639.999995
571.999996
631.999993
616.999992
610.000000
582.000001
646.000002
607.999999
572.000003
613.999987
588.999987
606.999991
621.000012
612.999996
578.000011
636.999995
579.999988
550.999999
565.000007
579.000002
558.999998
626.000010
623.999992
584.000007
656.999997
575.000000
611.000004
568.000006
582.999996
620.000007
620.999998
599.000009
578.000016
598.999994
613.000006
605.999996
649.000023
592.999996
570.000010
612.000005
588.999990
575.000012
604.000015
602.000002
603.999987
591.999994
606.000011
601.999997
606.999996
589.999992
550.000010
603.000005
581.000000
615.999994
578.000013
620.000014
639.999996
605.000008
597.000016
584.999997
593.999999
616.000008
602.999996
624.999995
599.000011
599.999994
577.000004
592.000002
597.000005
571.000010
595.000006
582.999991
596.000002
625.999994
610.000009
595.999993
585.999977
569.000027
612.000010
575.000002
581.999997
568.999992
598.000000
579.999995
573.000000
610.999997
583.999989
615.000006
630.999994
557.000003
608.999986
614.999993
615.000001
612.000000
607.999994
565.000005
598.999997
578.999987
613.999990
586.000016
627.999997
598.000003
603.000000
662.999993
593.999991
574.000000
643.999992
627.999996
571.000009
623.999996
610.999992
600.000014
580.000007
581.999993
586.999996
571.999999
667.000001
573.000002
562.000003
560.999987
622.000005
597.000008
612.999991
602.000001
594.999991
580.999998
605.000001
601.000010
576.000001
612.999998
580.999987
592.999992
627.000012
612.999995
606.999980
649.000014
654.000012
568.000005
605.000004
636.999993
636.000002
637.999999
605.000018
624.999992
620.999988
587.000009
608.999996
597.000012
595.000002
625.999988
590.000003
598.999995
524.000000
568.999998
615.000008
575.999999
574.999997
631.000007
667.999998
572.000008
616.000006
586.999991
589.999988
580.000020
573.000016
590.000005
646.000000
591.999990
579.000015
619.000008
596.000000
592.999984
577.000000
646.000003
624.999993
636.000015
584.000009
568.000009
601.999993
600.999997
618.000025
590.999998
597.000020
608.000002
606.000031
613.999993
578.999993
627.999997
598.999988
599.000003
583.000003
606.999990
602.000010
570.000008
634.999990
647.999995
614.999990
607.000004
599.999985
649.000015
597.000004
658.000005
597.999987
555.999998
590.000007
606.999983
601.000007
583.000003
598.999993
579.999991
560.000016
597.000001
625.000013
547.000010
610.000008
541.999999
604.000000
593.999995
584.000000
608.999991
563.999999
612.000007
587.000009
617.000011
634.000002
631.999999
654.999996
588.999987
567.000008
581.999988
596.000017
554.000010
594.000016
581.999988
532.999995
592.000005
610.999989
567.000001
581.000007
566.999995
616.999978
608.999994
630.000023
577.999995
613.000011
578.999986
597.999999
611.999997
564.999998
593.000002
605.999998
565.999995
610.000012
580.000000
576.999990
565.000005
622.000009
594.000002
650.000004
633.000003
605.999993
575.000029
621.000003
582.999998
660.999998
620.000011
565.999988
556.999998
586.000013
588.999997
614.000009
590.999999
607.999995
606.000011
595.999993
568.000002
640.000008
612.000011
628.000004
621.999996
581.999986
618.000010
577.000006
571.000001
587.999996
605.999989
658.999985
591.999988
593.000009
621.999980
625.999992
628.999995
567.000001
563.999995
617.999999
559.000016
596.999995
577.000013
601.999996
568.999997
627.999986
607.000014
613.000003
577.999994
629.999999
562.000016
632.000010
644.000007
603.000015
583.999996
651.000011
606.999994
583.999995
616.000010
611.999996
606.999984
562.000004
604.000012
663.999990
579.999986
571.000000
576.999999
605.000002
611.999980
604.999993
572.999969
601.999993
634.999999
603.999996
618.999994
597.000012
604.000009
600.000001
663.999999
573.000006
624.000000
628.000005
588.999996
562.999985
604.999998
584.000004
597.000006
589.999997
622.999988
569.000012
609.999997
657.000006
594.000009
570.000011
581.999975
601.999995
594.000003
612.999995
562.000016
630.000002
625.000010
646.000006
616.999984
571.000022
575.000012
579.000010
595.000000
586.999994
592.000005
618.999997
580.000000
592.999983
572.000004
559.000000
618.999994
607.999989
602.000003
587.999996
602.999992
616.000009
646.999992
617.000002
580.999998
595.999999
635.000004
596.999998
602.000003
613.000021
577.000004
616.000000
586.000003
596.000006
619.000000
623.000015
615.000001
608.000002
569.999989
577.000017
603.000002
597.000011
593.999983
607.000008
609.999991
600.000007
605.999996
620.999989
605.999998
623.999991
629.000009
602.999999
622.999988
598.000004
589.000008
595.000009
611.999985
560.999999
615.000007
556.999998
592.000013
573.999988
636.999994
601.000018
545.999998
591.000003
610.000007
633.000003
