11.000025
13.999999
14.999988
8.000029
5.999980
15.000015
14.000000
10.000017
7.999996
8.999998
8.000023
7.999992
8.000014
18.999980
6.999986
11.000013
10.999980
15.000000
7.000024
10.000012
7.999967
6.999996
13.999986
9.999990
5.000001
14.000021
2.999981
8.000000
10.000024
8.999979
7.000015
9.999984
10.999991
9.999983
11.000015
8.999976
6.000015
12.000017
8.000013
8.000020
8.999996
10.999990
14.000022
9.999990
7.999992
9.000000
11.000008
11.999988
6.999985
5.999994
16.999984
14.000000
8.000000
15.999999
10.000022
4.000017
8.000033
13.999998
10.999985
9.000006
11.999981
7.000023
11.999989
9.999982
11.000018
15.999991
8.999971
6.999983
14.000022
17.000011
5.999973
9.999990
12.000008
10.000016
5.999994
5.000002
13.999995
6.000007
5.999998
11.999981
11.000010
7.999992
13.000000
15.000015
15.000009
8.999979
12.000025
5.000021
9.999982
14.999986
11.999976
10.999969
9.999990
13.000018
11.000010
11.000000
15.999996
9.000004
13.999985
8.000017
12.000000
10.000000
11.999980
5.000016
11.999995
10.000012
8.999996
13.999988
12.000000
9.000000
6.000001
11.000010
5.999996
12.999988
13.000033
7.000018
8.000019
11.999985
8.000024
9.999987
8.000004
9.999979
6.000021
8.000000
10.999989
12.000000
6.999983
12.000008
8.999984
3.000010
10.999990
7.999992
13.999986
15.000008
14.000022
7.000013
3.000011
13.000000
5.999975
11.000015
14.999993
4.999998
11.999993
8.000000
4.999975
8.000000
10.000009
8.000000
18.000000
11.000010
12.999988
8.999969
7.000000
3.999996
12.999988
4.000021
3.999990
9.999987
8.000020
5.000008
4.999994
11.999991
11.999972
9.999982
6.999988
7.000016
13.999995
5.000019
8.999977
4.999983
6.000015
13.999986
17.999989
9.999983
8.999979
6.000004
12.000027
10.999991
8.000003
11.000007
10.000009
10.999992
9.000016
12.999998
9.000017
14.000012
7.999992
10.999979
12.999993
13.999986
6.000013
12.000001
10.000024
10.999981
9.000016
12.999992
10.999989
3.000008
8.999976
9.999990
12.000024
8.999981
9.000001
9.999977
11.999988
13.000007
10.000021
11.999988
8.999982
14.000019
9.000025
13.999999
13.000000
14.000002
6.999983
13.999983
3.000008
12.000022
4.999990
10.000000
8.000000
13.000010
10.000026
6.999982
13.000014
10.000025
12.999987
11.000000
14.999986
13.000008
13.999977
9.999986
9.999983
10.000020
10.999974
8.000012
11.999988
18.000020
10.000022
11.999994
11.000004
10.000015
7.000000
11.999994
18.000018
10.000030
8.999997
6.999991
8.999991
12.000012
7.000019
9.000010
8.000019
12.999991
8.000019
9.999990
10.999990
13.000018
6.000000
16.000014
8.999985
7.999992
21.000016
13.999977
6.999982
5.000023
13.000010
11.999999
11.999985
7.000019
9.000018
9.000000
9.000000
4.999979
12.999987
10.000009
13.000014
5.000019
8.000026
7.999992
8.000021
9.000014
5.999981
11.999979
12.999988
7.000005
15.000000
10.000017
11.999988
8.999980
8.999991
14.000019
13.000020
9.999986
11.000003
7.000019
11.000018
5.999988
7.999995
11.000020
13.000021
9.000022
13.000017
12.999983
12.999984
17.999977
14.000010
8.999988
7.000016
10.000027
11.999988
8.999978
9.000007
11.999978
13.000015
14.000019
12.000000
10.000025
7.000024
16.999986
5.999996
13.999992
6.999993
9.000008
12.999993
9.999983
3.999978
6.000025
7.000017
13.999989
12.999988
11.999981
8.000029
16.000014
19.000000
7.000014
9.000005
11.999989
6.999977
7.000002
10.000004
9.999984
8.999987
10.000004
10.000023
8.000029
8.999985
9.999976
16.999985
7.000014
11.000010
12.000000
9.000011
13.999997
15.999994
9.000005
9.999980
11.999981
10.000021
14.999979
3.999978
12.999994
6.000000
9.000011
7.000018
11.999995
17.999992
7.000010
12.000000
0.999981
13.999986
6.000017
15.000021
7.999978
9.000021
4.000002
7.999978
10.000010
8.000000
11.999988
12.999987
15.999985
11.999988
15.999996
12.000009
15.999979
12.999990
16.000028
14.000000
10.999990
7.999992
10.999981
12.999973
7.000022
9.000011
1.000018
16.999983
9.999990
5.999988
7.000006
7.999984
10.000005
9.000005
12.000000
8.000013
15.999986
7.000015
5.999987
7.000012
11.999996
9.000000
11.000011
9.000009
8.999982
7.999992
6.000007
12.000012
5.000016
7.999998
10.999977
8.000029
10.999982
14.000019
11.999988
13.000000
13.000018
12.999995
10.000017
6.999994
13.999977
6.999994
12.000005
11.000020
5.999994
9.000020
7.000020
5.000002
11.000004
11.999984
9.999990
10.999987
10.999980
13.999982
9.999976
12.000014
9.000032
6.000012
9.000005
13.000031
8.000015
9.999980
5.000000
3.999987
12.000010
13.999972
15.000000
12.000002
13.000019
15.000007
9.999978
9.000011
9.000023
9.999974
11.000023
13.000026
7.999998
9.000019
8.999997
7.999987
17.000001
7.000018
11.999975
13.999980
15.000015
5.000007
10.999990
10.999997
12.999987
9.999982
4.000013
15.000017
9.999983
9.000026
5.999987
15.000009
13.000004
9.000000
11.000022
10.000004
15.000006
15.000002
6.000000
8.000028
8.999961
4.999990
14.999984
8.999982
10.000004
10.999991
16.000012
10.000031
8.000006
9.999977
7.000019
12.999995
11.999988
11.000017
12.000029
23.000018
10.999975
11.999988
13.000020
15.000008
13.000017
12.000013
4.000024
11.000008
11.999988
8.999997
11.999986
7.000019
7.999998
9.000000
11.000019
13.999990
11.999988
8.000015
12.000014
9.999979
11.000019
9.999998
8.999980
6.999993
10.000019
6.999985
10.000001
13.999999
8.999979
14.999979
8.000017
12.000021
9.000019
14.000017
12.999986
15.000003
7.000017
10.000015
14.999985
12.000004
13.999984
3.999996
12.000019
14.000002
5.999981
10.000004
12.000015
12.999999
3.000017
9.000017
9.000023
6.000000
9.000025
9.000014
17.000023
10.999977
12.999987
4.999995
6.999979
14.999979
10.999990
11.999988
21.000020
9.000020
9.999979
11.000016
8.000017
13.999986
15.999998
3.999989
8.000000
16.000029
12.000023
10.999972
8.000005
11.000008
12.000000
4.999990
12.999974
11.999976
8.000020
7.999995
10.999968
11.999985
6.000014
2.999997
13.000010
7.999984
16.000020
8.999991
11.999980
10.000018
13.000005
11.999983
12.000009
16.000015
5.999969
12.999988
8.999996
11.999986
13.000010
10.000019
13.999975
12.000000
11.000010
9.000014
16.000010
7.999985
6.000004
11.999991
5.000020
10.999975
5.999981
15.999992
13.000017
2.999997
8.999986
14.999993
10.000022
4.999980
11.000023
12.000025
6.000008
7.999983
9.000029
11.000006
13.000018
8.000018
13.999986
15.000014
9.999978
5.999985
14.000014
6.000016
12.999981
10.000022
6.000028
7.000019
7.000014
4.000024
8.000032
5.999981
6.000004
14.999985
7.999987
4.999998
5.999984
9.000000
13.999987
12.999976
8.999970
8.000006
7.000027
16.999976
9.000013
15.000016
9.000000
13.000016
13.000016
16.999983
6.000006
15.999984
10.000007
8.999968
6.999993
8.999985
12.999992
5.999985
13.999995
9.999980
8.999996
11.999988
9.000019
10.000021
13.999987
5.000013
4.000017
8.999985
9.999990
9.999981
5.999992
11.000032
9.000028
7.000000
11.000008
4.999995
5.000019
9.000000
5.000023
15.000012
5.999977
6.000004
6.000016
7.000018
8.000024
4.000015
17.000009
7.999983
9.000000
9.999979
9.000008
12.000000
9.000015
15.000000
7.000008
12.000009
7.000020
8.000031
9.999969
15.000012
14.000001
15.999999
9.999970
13.000014
5.000002
10.999989
8.999977
6.000000
8.000017
15.999994
8.999978
4.999995
9.999975
12.000022
6.000030
13.999981
3.999996
9.999974
7.999992
7.999977
7.999992
5.999988
10.000024
5.000017
11.999988
12.000000
10.000002
10.000023
12.000010
12.000021
7.999992
9.999983
15.000011
12.000001
11.999983
9.999990
6.000010
9.999990
9.000030
5.000019
5.999976
6.000002
10.000025
9.000005
11.999998
14.000013
5.999975
8.000031
13.000005
7.999978
7.000004
8.999983
8.999974
7.000013
11.999975
9.000000
7.000026
4.000028
8.999976
7.000015
10.999976
6.999993
11.999994
13.000018
4.000000
7.000017
10.999989
9.000015
12.999990
6.999993
11.000015
15.999992
9.000027
12.999995
10.999989
7.000022
13.999991
9.999975
13.000010
11.999988
6.000026
12.999992
9.999983
8.999974
13.000000
7.999996
12.000010
11.999999
8.000000
5.999980
8.000006
10.000012
6.999986
6.000013
6.999993
10.000020
3.999981
4.999990
7.999979
13.000017
9.999979
11.000017
11.000012
7.000018
14.000003
9.999990
9.999981
11.000000
10.999972
12.000030
6.000011
9.999975
5.000019
10.000010
14.000020
4.000017
14.000002
13.000010
11.999987
13.000007
9.999987
11.000013
13.999986
11.000016
16.000012
6.999989
10.000019
9.000005
10.000000
9.999983
8.999981
7.999999
7.999992
13.999980
7.000000
11.999992
9.000022
11.000010
5.000011
9.999988
10.000002
11.000029
11.000006
10.000023
9.000003
10.999980
9.999990
7.999971
9.000015
11.000008
9.000019
8.999978
11.999998
3.000004
10.999989
9.000012
13.999986
11.999988
10.000010
11.999981
11.000000
11.999995
9.999972
9.999978
7.000020
15.999989
8.999982
7.000016
7.000006
12.000015
7.000020
12.999984
7.000022
9.999972
12.000000
11.999996
12.000021
7.999984
16.000021
13.000023
10.000000
12.999988
10.999989
10.999985
15.999999
8.000001
6.999993
4.999982
15.000007
7.000018
10.000022
10.999989
9.000015
9.000029
13.000000
13.000018
15.000020
7.999996
10.999989
7.999992
4.999995
4.000022
8.999982
7.999982
5.000018
12.999988
7.999996
13.999997
7.000003
10.000012
13.000018
6.000006
8.999970
7.999986
12.000017
11.999990
14.000014
5.000004
10.000008
8.000008
9.999984
9.000010
8.000015
11.000027
15.999994
14.000001
5.999981
8.000019
11.999984
14.000003
10.999990
12.999996
13.000020
8.999982
14.000000
10.999969
10.999989
7.999992
6.000000
6.999986
7.999992
13.000000
5.000022
13.000000
11.999988
7.999998
5.999971
9.999978
9.000000
14.000019
8.000026
4.999995
9.999980
8.999985
9.000002
6.999993
11.999999
7.999996
5.999978
11.000016
7.000023
7.000012
10.000019
6.999984
15.999982
9.000012
10.999986
11.000004
9.000004
7.000015
11.999988
7.000013
3.000023
7.999984
8.999980
9.000017
15.000014
8.999966
9.999982
7.999992
9.000028
