273.000011
321.999990
288.000002
314.999993
324.999999
287.000007
294.000001
305.999998
300.999993
316.999997
305.000000
282.000011
297.000019
292.000007
294.999983
274.999986
299.999992
321.000008
307.000001
311.999985
308.000000
283.999992
281.999975
272.000011
326.000016
285.000016
289.000003
293.000006
293.999980
271.000027
303.999992
289.000030
326.999998
294.999981
311.000002
295.000014
271.000016
304.000004
319.000007
303.999980
307.999988
264.000018
303.000019
323.000016
293.999995
330.000001
321.999969
304.999985
285.000001
284.999991
286.000013
307.000003
291.999995
308.999998
313.999983
318.000000
303.000009
284.999995
266.000004
285.999985
314.999994
303.000005
301.000003
327.000014
257.999988
275.999984
289.999999
292.000004
301.999981
300.999983
275.999985
315.999992
308.999992
310.999991
319.000008
275.999978
279.000013
330.000010
305.000010
270.000006
311.000001
322.999992
272.000009
304.999999
303.000000
332.000024
286.000032
284.000022
269.999996
289.999985
325.000010
289.000008
296.000004
274.999999
275.999998
299.999987
294.000002
272.000010
338.000004
266.999984
271.000019
319.999997
316.000000
308.000009
315.000000
310.999989
290.000010
300.999997
279.999986
296.000005
307.999989
294.999986
317.000002
344.000000
307.999986
290.999997
313.000014
315.000007
302.000008
298.999983
291.000000
289.999993
302.999982
304.000000
284.000000
281.000009
301.999989
320.999980
290.999995
290.000004
290.000009
310.000014
327.999988
312.999981
331.000005
336.000003
278.999990
272.000004
312.999995
283.000010
286.000011
303.999999
252.999997
304.999998
300.999988
285.000013
297.999995
310.999995
292.000007
303.000005
319.000015
290.999994
296.999981
317.000015
296.000016
279.000020
316.999993
337.999992
306.999995
278.999987
302.999982
291.999998
310.999996
276.000014
309.999991
292.000018
304.000008
316.000006
298.000005
302.000007
320.999992
297.999988
302.000013
284.000020
303.000014
324.999987
328.999987
303.999981
299.000022
295.999989
279.999988
286.999976
273.000015
322.999992
270.999988
303.999997
307.000008
274.000005
305.000005
268.999992
286.999979
318.000004
303.999989
320.999998
327.999987
306.999976
302.999996
296.000009
290.000000
297.000011
287.999989
300.999996
279.999985
309.000028
289.999984
316.000017
261.000003
301.999995
307.000007
255.000009
312.999989
298.000006
260.999986
291.999981
296.000004
338.000014
299.999998
299.999991
302.999988
293.999998
289.000006
343.999987
312.999994
319.000010
292.000022
275.999999
312.999999
308.999986
310.999986
316.999997
325.000014
325.000016
282.000000
278.000008
270.000000
298.999990
322.000009
314.999998
297.999993
309.999998
309.000007
308.999993
294.000030
327.000001
301.000019
268.000018
306.000000
270.999994
288.999974
256.000007
290.000015
298.999995
294.000000
297.000004
294.000006
305.000018
292.999984
274.000010
286.000017
293.000001
282.000004
315.000015
307.999999
305.999988
312.999988
301.999999
306.000000
282.000009
293.999995
282.999995
288.000009
305.999983
279.000018
286.999987
294.999990
305.000018
277.000009
320.999989
277.000001
291.000010
299.000013
308.000003
279.999995
297.000017
316.999978
312.999995
311.999994
303.000010
330.999998
324.000005
286.000029
306.000017
316.000005
307.000005
277.000005
274.000007
312.999999
296.000013
293.999988
310.000004
294.000017
288.000000
280.000018
301.999997
294.999989
298.000000
300.999990
307.000006
331.000005
313.999999
314.000000
306.000000
289.999986
309.999998
289.000012
322.000006
284.000011
306.000006
310.000011
291.999996
319.999991
331.000009
307.999995
320.999985
306.999992
305.000021
322.999986
316.999985
319.999996
278.999999
287.000016
322.999997
285.999984
318.999980
287.999984
280.999998
285.999996
307.000004
328.999982
288.000007
342.000009
299.000005
305.999981
290.999992
320.000001
333.000009
293.999984
274.000005
298.999987
307.999995
286.999995
288.000006
278.999984
304.000000
282.000011
349.000008
309.000014
327.000007
299.000020
285.999985
264.999990
296.999998
312.999996
281.999990
296.999999
300.999997
299.000003
295.000002
275.000020
300.000000
303.999995
288.000015
260.999991
276.999988
298.999972
294.999997
287.000014
300.000002
296.999984
307.999999
276.999997
311.000013
285.000016
289.000028
307.000001
289.999981
292.999982
316.000017
292.999984
296.000003
310.999986
310.000000
273.999991
302.000006
284.999988
285.000006
325.999999
300.999990
307.000003
289.999999
327.999995
301.999994
302.000005
304.000008
302.000015
319.999991
283.999992
272.000000
303.999984
293.000004
291.999999
322.000001
308.000019
273.999989
280.999989
276.000009
313.999975
299.000007
294.999994
287.000001
297.999999
308.000016
328.000007
261.000000
311.000007
306.000007
335.000009
313.999995
316.000005
304.000000
310.999986
269.999992
306.999986
297.999987
270.999990
294.000021
286.999993
307.000008
283.000004
301.000015
312.999981
252.000007
300.000002
267.999992
298.000030
259.999998
294.000013
311.000001
285.999995
300.000005
304.000002
306.000003
298.999980
280.000016
296.000008
312.999989
293.000002
303.000013
299.999996
326.999996
333.999998
325.999981
323.999997
308.999994
284.000005
290.000004
293.000023
298.000003
299.000021
318.000030
291.000015
273.999990
295.000003
294.000014
292.000019
275.999987
308.000004
312.999996
300.000001
313.999999
294.000001
277.000026
296.000006
306.999990
275.000007
320.999990
305.999986
301.999985
298.000011
287.999986
300.000007
289.000002
311.000002
300.000006
319.999994
279.999999
287.000006
318.000000
288.000011
294.000015
297.999990
333.000008
296.000000
314.999992
319.999999
288.000001
279.000010
296.000008
312.999999
343.999990
275.999988
310.999984
283.999997
323.999980
313.000010
292.999982
298.000000
321.000018
331.000012
303.000015
300.999978
303.999990
295.999991
284.000003
294.999994
295.999992
323.000018
296.000014
290.000013
288.000006
304.000010
294.000001
290.999983
300.999986
286.000009
282.000012
286.999981
299.999995
275.000001
308.999994
282.000005
302.000006
283.999988
268.000013
303.999990
297.999996
299.000002
298.999995
307.000003
309.000009
290.000004
295.999991
320.000004
323.000002
303.999998
296.999995
282.999992
311.000003
308.000011
268.000000
324.000026
294.000012
286.000023
259.999992
304.000003
284.999991
308.000014
298.000012
289.000002
289.000012
298.000012
322.000015
305.999997
320.000001
279.999997
314.999992
303.999987
312.999984
296.000013
303.999985
287.000001
298.999981
343.999996
325.999981
294.000015
305.999984
293.999985
305.000003
310.000011
286.999992
314.000000
321.000009
307.000010
280.999983
283.000005
290.999996
276.999993
305.999993
298.000004
300.000014
291.999991
308.000018
298.000014
296.000017
264.000008
293.999995
269.000007
301.000000
283.999989
315.999990
312.000000
311.000018
295.000005
285.999991
316.999982
295.999998
285.000003
294.000011
319.000016
342.000015
291.000015
327.000002
302.999986
273.000006
296.000008
319.999999
304.999996
294.000009
313.999991
293.999995
282.999988
288.999979
289.999992
283.000025
326.999984
306.999992
321.000006
301.999996
285.000000
287.999995
270.000002
290.999996
307.000000
272.000005
333.000000
293.000006
281.999995
281.000010
329.999999
276.000002
289.000002
301.000006
285.999984
314.999993
320.000003
293.999993
306.000002
289.999998
290.000000
264.999982
302.000002
294.000006
307.000009
316.000004
308.000006
279.999990
284.000015
294.000005
314.000018
287.999995
312.999998
308.999992
325.000017
276.000000
269.999997
336.000018
287.000010
304.999988
256.000003
287.000004
310.999992
278.999982
291.999986
289.000004
281.999989
295.000011
286.999992
307.999991
328.000004
318.999999
309.999998
287.000015
284.999994
330.000000
336.999980
282.999990
317.999983
306.999985
296.000020
308.000002
336.000008
287.000012
282.999987
277.999986
321.999996
280.000015
283.999993
293.999982
297.000003
326.000008
299.999994
328.000015
266.999977
312.999996
323.000012
328.999997
309.999999
269.000008
304.000009
288.000006
297.999991
276.999996
312.999981
297.000009
258.999988
300.000012
292.000014
296.000019
321.000007
301.000012
317.000008
321.000000
268.999989
280.000000
276.000009
323.000010
288.999998
332.999997
327.999993
285.000008
306.000005
309.000006
330.000012
285.000008
294.999995
287.000015
317.999982
299.999986
300.999990
299.000013
294.999993
294.000010
292.999991
285.999983
307.000022
322.999994
321.000017
301.999986
309.000026
311.000009
321.000000
269.999998
291.999992
280.000001
271.000002
294.000016
321.999985
306.999983
309.000010
304.999992
315.000007
277.000009
304.999992
291.000010
332.999982
315.000003
312.000014
269.999983
308.999999
271.000014
308.999998
296.000003
300.000016
315.000015
286.999979
294.999984
283.000008
285.999973
303.000019
298.000014
288.999984
287.999987
297.000003
344.000016
314.000022
289.000007
304.999983
266.999978
297.000000
303.000006
299.999989
328.000016
277.999998
271.999999
297.000006
303.999995
270.999980
284.000013
301.000017
331.999990
321.999997
275.999983
321.000001
311.000027
292.999990
307.000002
305.999990
286.999992
282.000021
325.000013
318.000008
303.000000
285.000014
291.999981
332.000000
304.999986
301.000011
280.000017
297.999990
310.000000
303.999982
349.000001
295.999992
293.000020
269.000002
286.999992
278.000001
277.000012
302.000005
319.000014
295.000023
336.999975
277.000016
299.999994
322.999994
247.000013
300.000002
274.000017
325.999999
294.999985
274.000010
290.000013
311.999988
303.000005
301.999994
287.999993
314.000003
310.000007
306.000006
289.000013
275.000004
288.000015
277.999995
317.999989
306.000020
309.999973
332.999984
320.999998
317.000015
313.000002
314.999991
306.999999
310.000011
281.000009
318.999985
312.999993
282.999992
307.000001
306.999999
283.999981
277.000017
278.999984
299.000023
282.000010
261.000000
294.000005
314.999992
299.000022
307.999989
308.000001
303.999987
291.000001
288.000000
285.000007
291.999983
299.000013
325.999996
308.999989
291.000006
292.000002
320.999996
300.999995
313.999992
282.999984
309.000001
274.000018
319.000003
275.000005
276.999991
325.000004
292.000002
300.999985
330.000014
322.000011
305.000014
301.999996
350.000027
333.999998
322.000030
310.999992
314.999996
327.000004
254.999973
299.000015
271.999996
301.999994
318.999997
336.999986
298.999988
320.999993
282.999992
294.999998
319.999984
294.999992
306.000000
308.999992
332.000010
307.999996
296.999993
280.999985
281.000013
288.999992
314.999980
284.000000
302.999980
313.000001
301.000011
318.000017
320.000009
333.999991
322.999998
321.000000
308.000017
291.999998
315.999997
331.000022
297.000004
316.000004
305.000010
283.000004
283.999996
287.000001
287.999989
328.999995
278.000012
272.000016
303.999993
281.000007
279.000000
303.999990
306.999990
329.000005
268.999988
289.999990
289.999995
319.000017
280.000004
292.999993
287.000010
305.999986
302.999996
309.999999
293.000016
283.000008
306.000000
303.000005
266.999982
322.000027
320.000000
291.000003
294.000012
333.999998
290.999994
307.000019
300.999978
308.000019
328.000004
296.000014
299.000015
267.999999
