2996.000009
3059.999993
3003.999999
2955.000002
3071.999995
3042.000000
3069.999998
2903.000005
2990.000000
3068.000000
2971.000001
3027.000000
2961.000004
3087.999997
2956.000004
2895.999999
2983.999996
2968.000004
3002.999996
2996.000000
2972.000002
3039.000004
2998.000000
3016.000003
3048.000005
2988.999996
3016.999995
2947.999996
3001.999996
3064.999998
2940.000003
2983.999996
2924.000004
2887.000000
3026.999994
3036.999998
2961.000005
2891.000018
2997.999999
2924.000002
3008.999999
3016.000004
3006.000000
2992.000002
3044.000001
3066.000000
2936.000002
3082.999998
2995.999999
2991.999995
3080.000002
3008.000000
3032.999997
2946.000005
2961.000007
2971.000004
2916.000000
3094.999992
2958.000004
2904.999998
3012.999998
3042.999998
2948.999995
3018.999995
2922.999999
3027.999996
2978.999998
3110.999998
3044.999999
2951.000003
2956.999998
3101.999992
3115.999993
2916.000001
3044.000003
2958.000001
2935.999999
2943.999999
2900.999993
2908.000001
3022.000003
2978.999993
2993.000007
3013.000003
2971.000004
2972.000002
3078.000002
3028.999995
2980.000000
3013.000000
3044.000002
3002.000004
3003.999999
3091.000004
2985.000004
2950.999999
3018.000000
2960.000000
2881.000000
2937.000001
2953.000007
3112.000001
2943.999996
2957.999996
2947.000006
3021.999997
2932.999997
2947.999999
3019.999999
3052.000001
2932.999997
2995.000003
3031.000004
2985.000001
3077.999996
2917.999996
2999.000002
3057.000004
3090.000000
3037.999995
2975.000002
2989.999999
3027.000002
2972.999998
2979.999990
2891.000004
3011.000003
3016.999998
2951.000002
2887.999999
3057.000005
3109.000000
2974.000000
3007.000000
3053.999997
3043.000003
3018.000004
3013.999996
2973.999999
2955.000005
2856.999997
2992.000005
2958.000005
2938.000005
2958.000005
3024.999999
3062.999996
2883.999999
2949.000002
3061.000002
2967.000000
3032.000000
2976.000005
2978.000007
2993.999997
3006.000000
2892.000001
3005.999995
2995.000000
2952.999998
2991.999999
3014.000004
3010.000003
2957.000004
3068.999997
2999.999996
2929.000006
3017.000000
2944.000008
3055.000000
2944.000002
2983.999997
3038.999999
3012.999998
2951.000003
2949.999998
3006.000006
2901.000002
3005.999992
3056.999996
3024.999998
3013.000016
3058.999992
2997.000004
3064.000001
2987.999999
3027.999993
3013.999995
2974.999995
2981.000005
2990.999998
2926.000005
2924.999996
3062.999998
3066.999997
2964.000001
2929.999995
3029.000001
3030.000004
2945.999999
2970.999999
2955.000005
3013.999997
3066.999999
2995.000001
2990.999992
3008.999997
3109.000008
3029.000002
2908.000001
2987.999998
2986.999994
3031.000006
3070.999999
2992.999999
2942.999999
2962.000001
3117.999996
2971.000001
3040.000006
2943.000000
2955.999999
3057.999998
2997.000005
3011.000004
2960.000001
3022.000001
2932.999997
2961.000002
2976.999998
2979.999996
3031.999996
3063.000005
2928.000005
3031.000002
2968.000001
3111.999993
3044.999996
3033.000004
2903.000002
3037.000006
2960.999998
2982.999996
3081.999999
2994.999998
2924.000000
2982.000000
2984.999997
2963.999998
3044.000002
3065.999995
3072.000001
2930.000000
3013.999989
2949.000005
3004.000000
3090.999999
2939.999998
2988.000004
2946.000000
3122.999990
3077.000008
2846.999999
2892.000003
3045.999998
2897.000004
3067.000012
2909.999999
2980.000008
2931.000008
2968.999994
2996.999998
2904.000001
3030.000006
3030.999999
3098.999996
3141.000002
2971.999998
2980.000009
3076.999998
3042.000003
2945.000005
3026.999995
2996.999999
2933.000008
2949.999995
3038.999996
2989.000002
3068.999997
2886.000001
3029.000004
3016.999998
2969.999998
3023.000005
3140.000002
3087.999995
3022.000000
3014.999996
3035.000003
3019.000000
2942.000001
2940.999998
3056.999993
3011.999999
3054.999994
2983.000002
3055.000003
2978.999998
3049.999995
2888.000004
2949.000004
3063.000002
2992.999999
3028.000001
2945.999997
3100.000008
3016.000006
2961.000000
3058.000001
2937.000003
2990.000006
3004.000000
2974.000005
2895.000002
2977.000001
3075.000004
2964.000004
2960.000002
2939.000010
3004.999996
3046.999998
3033.999997
2875.000010
2961.999994
2962.000000
3105.000002
3021.000000
2986.999999
3025.000003
2991.000001
3101.999998
3025.999999
2939.000000
3029.000003
2990.999994
2968.999999
2981.999995
3104.999999
2964.000003
3073.000002
2993.000004
3008.000003
3033.000000
3055.000006
2961.000002
3030.000009
2901.000000
2915.000002
3023.999994
3038.000001
2992.000001
2921.999995
2949.999997
3015.000002
3083.000003
2984.000003
2923.000012
3042.000002
3020.000003
2982.999998
3039.999991
2954.000002
3027.000001
3105.000001
3031.999996
3004.000001
2941.000002
3054.000000
3029.999996
3031.999999
3026.999999
3056.000004
2849.000000
3117.000002
3078.000004
3077.000004
2938.999997
3085.000005
3030.000000
2912.000004
2996.000009
2967.000001
3095.000002
3024.000005
3076.000009
2971.999996
2938.000004
3030.000000
2937.999992
2947.000002
2915.000002
2981.999999
3020.999996
2900.000004
3017.999999
2948.999999
3043.999997
3068.999999
3008.999994
3007.000002
3005.000003
3047.999997
3014.999990
2961.999995
3041.000002
2989.000002
3041.000000
3050.000006
2998.000001
3131.999990
2973.000005
3004.000004
3003.999992
2977.000002
2995.999999
3088.999994
2998.999997
3013.999997
3002.000000
3080.000005
3039.999998
2976.999995
3072.000000
2952.000003
3105.999999
2961.000004
2939.000001
3032.999999
2854.999995
2948.999999
2950.999997
2989.000001
2910.999995
2994.000000
2949.999993
2999.000001
3027.000002
2973.000004
3033.999993
2993.000000
3146.999998
2999.000008
3012.999996
3062.999994
2962.000004
2958.999998
2950.999998
2945.999995
3004.000004
3024.999999
2957.999993
3045.000000
2931.000001
2938.000001
3017.999990
2985.000002
3020.999999
2979.000003
3044.999997
2950.000001
2945.000001
2908.999997
2998.000003
3002.999998
2964.999998
3029.999998
3032.000003
2942.000001
3058.999999
2964.000001
3022.000001
2983.000005
2979.000004
2895.000001
3079.999996
2896.000007
3033.999998
2969.999997
2937.000000
2857.999999
2974.000003
2970.000001
3064.000007
2895.999996
3054.000001
2937.000001
2948.000000
3025.999994
3029.000005
3004.000004
2991.999995
2979.000001
3026.000003
2873.999996
3057.999997
2962.999995
3018.000002
3098.999997
3132.000001
3057.000002
2914.999998
2966.000000
3062.999999
2994.999997
3032.000001
3065.999999
3013.000001
2908.999996
3082.000001
2960.000002
3119.999999
3015.000003
3035.999995
2979.000000
2957.000004
2987.999994
3084.999998
2934.999997
3019.999998
2946.999995
3025.000001
3089.000001
3074.999994
2926.000003
3028.000000
2997.000000
3013.000000
2875.000001
2928.000000
2986.000000
3062.999998
3042.999994
2999.999999
3021.999998
2924.000001
2919.999998
2955.999991
3067.000001
3007.999999
2997.999997
2953.000001
3055.000006
3014.000000
2968.000001
2981.000001
3039.000005
3047.000006
3083.000003
3036.000001
2932.999998
2982.999997
2919.000001
2971.999993
2861.000001
3019.000000
3038.000000
2919.000000
2972.999991
3045.000000
2994.000002
3039.999999
2933.999999
3064.000000
3047.999999
3097.999996
2997.999999
3065.000005
2897.999996
2979.000005
2949.000002
3164.000000
2969.999999
2957.999997
2932.000003
2964.999994
3006.000000
3032.000000
2972.999991
3061.000003
2898.999997
3057.999993
2875.999998
2970.999997
2925.000003
2951.000003
2883.999983
2929.000003
3059.999998
2992.999997
2923.000000
3007.999993
3045.999997
3053.999995
2916.999999
3061.000007
2926.999992
3006.000003
2953.999994
3028.000001
3020.999996
3042.000000
2904.000006
2935.000001
2920.000007
3079.000000
3008.999993
3038.999997
2988.000002
3021.000001
3013.000001
3047.000001
2988.000006
2906.000002
2913.000002
2936.000005
3025.000004
3033.000004
2877.000002
2923.999999
3002.999998
3031.999998
3144.000003
2865.999997
3061.000010
3024.999998
3101.000001
3026.000001
3024.999995
2932.000000
3049.000004
2916.999998
2894.000000
3041.999993
3032.000001
2988.999999
2979.000003
2890.999998
2966.999997
3120.000005
3070.999999
2962.999996
2966.999999
3056.999996
3146.999998
3011.000001
2989.000008
3026.000003
3069.999995
2999.000002
3032.000003
2933.000000
2978.000004
3004.999993
3060.999996
2897.999998
2925.999999
3019.000001
3028.000000
3010.000000
3016.999990
2972.000000
2950.999994
3032.000001
2952.999997
2945.999993
2983.000003
2933.000003
2993.999993
3017.999994
3051.999998
3050.999990
2981.999998
3017.000005
3005.000001
2960.000000
2937.000002
3013.000007
3048.999997
2972.000005
3051.000002
2974.000001
2981.000003
3038.000004
3033.999998
3026.000010
3051.000000
2929.000000
3002.000001
2918.999997
3037.999997
3060.999991
3004.999995
2987.000000
3098.999996
3044.000002
3015.999992
3018.000001
2963.999995
3080.999996
3109.000001
3029.000002
2912.000006
3033.999999
2988.999998
2889.000003
2942.000003
2910.999997
3065.999998
2925.000000
3046.000001
2931.999998
2935.999999
2966.000002
3062.999998
3028.000006
3009.999997
3021.999995
3008.000000
3081.999999
2992.999996
3046.999998
3007.000001
2925.999999
3034.000001
2950.000000
2978.999996
2996.999992
2988.999991
3020.000001
3001.999999
3043.999997
2931.000002
2972.000002
2962.000002
2901.999999
2944.999997
2980.000002
3038.000000
3000.000003
2978.999997
2993.000001
3064.999997
2992.999999
3002.000000
2987.000002
3089.000001
3117.000001
3056.000004
3015.000002
2929.000002
3052.999999
2895.999996
2989.000007
3020.000000
3080.999996
3053.000011
3013.000005
3003.000001
3064.999999
3013.000000
2978.000007
3058.999995
3082.000003
2984.999999
2967.999996
2990.000002
3032.000000
2981.000003
2961.999999
3015.999998
2960.999996
3001.999999
3006.999995
2982.000003
3016.999994
2922.000007
3113.000007
3044.999998
2994.999997
2977.999999
3030.000003
3002.000006
3022.999998
2992.999999
3034.000001
3012.000005
2987.999998
3023.999994
2969.000002
2970.000003
3078.999999
3044.000008
3113.999997
3019.000000
3038.000006
2967.999994
2963.999999
2992.999995
2966.000002
2987.000000
2914.999997
2971.000003
3047.999998
2993.000008
3101.999998
2992.000000
2974.999999
3035.999999
2924.000000
3018.000002
3106.999998
3007.000001
3054.999990
3008.000001
2985.000003
3009.000003
3039.999993
2970.999997
2993.999997
2923.999996
2979.999993
2977.000004
3109.000008
2955.999999
2820.999998
3031.999996
2976.999995
3045.000001
3016.000000
3003.999993
3060.999999
2836.000000
3079.000005
2940.000000
3033.000000
3012.000000
2957.999998
3044.999996
2944.000000
3007.999991
3054.999996
3049.000002
3078.000000
2985.000003
2988.000004
3011.999993
3042.000006
3003.000001
3038.000000
3017.999998
3060.999995
2915.999996
2946.999998
2971.000000
2951.000005
2971.000005
3082.999998
2981.000001
3096.000000
3024.999999
3028.999995
2948.000003
3077.000000
2959.999997
2973.999997
2924.000000
2976.000002
3027.999997
2896.000007
3006.000005
3035.999999
3061.999996
2919.000000
2886.000001
2974.999997
2953.000003
3002.999999
3005.000004
3076.999999
3051.999999
2975.000000
2967.000001
2940.999999
3022.999998
3092.999997
2892.000000
2997.000001
3143.000003
2955.000002
3036.000001
3038.999999
3025.999999
2975.000003
3062.999996
2984.000004
2924.000001
2866.999998
2965.999998
2896.000006
2978.000001
2951.000009
3021.000005
2947.999995
3019.000005
3058.000000
2995.999998
2977.000001
3017.999996
3009.000002
2972.999995
3071.000006
2965.000009
2984.000011
2898.999997
3013.000007
2853.999999
3027.999997
2960.999999
3038.000000
2906.000002
3010.000003
3006.000003
3054.999996
2960.999998
3119.999998
3001.999999
3015.000000
2931.000004
3002.000000
2866.999991
2917.999993
3086.000001
3021.000003
2969.999997
3013.999999
2970.000000
3068.999995
3018.000000
3009.999995
2959.000002
3001.000006
2927.000007
2971.999997
3038.000006
3066.000006
2978.000001
2926.000003
2977.000004
2973.000002
2948.000000
3030.000000
2973.000003
2982.000004
3075.999995
2958.999994
2883.999998
2977.999998
2982.999996
2966.999996
2991.000002
3019.000004
2984.999995
2942.000005
2973.000007
3045.999998
2939.000001
2948.999993
3001.999999
3004.000005
2947.999997
2988.000006
2962.999998
2995.999995
3007.000000
2971.999996
2978.999999
2983.999999
2968.999996
3024.000003
3025.999976
3009.000008
2880.000002
3136.000003
2982.999998
3026.000001
2971.000001
2900.000000
3077.000001
3094.000000
2966.000006
