19116.000002
19088.000001
19041.000001
18979.999999
18830.000006
18832.000001
19035.000001
19161.000006
18960.000001
19077.999998
19103.000003
18999.999997
19106.999992
19136.000003
19357.999997
18935.000000
18820.999997
18830.000005
19009.000004
19048.999998
18954.999996
18799.000001
19030.999987
19036.999998
18877.999993
19238.000004
18961.000003
18964.000003
18979.000000
18861.999995
19045.000005
19094.999997
18962.000001
18981.000003
19290.999997
18885.000001
18869.000004
18950.000005
19069.000002
19015.000007
19127.999998
19128.000001
18826.000001
19145.999994
19083.999998
18975.000004
19074.000004
19147.000002
19071.000002
19194.000002
18882.999998
19205.000003
18686.000006
18889.000001
18996.999998
19152.999997
19075.000002
19061.999997
19066.000002
18592.999998
18825.000002
19027.000006
18987.999999
19081.000001
19058.000004
19076.000001
19138.999996
19228.999995
18968.999999
19058.999997
18961.000002
19198.000003
19167.999995
18888.999996
19031.000002
19017.999998
19078.999995
19109.000009
18828.000002
19060.000001
18991.000003
19167.999997
18977.000002
18759.999998
19372.000008
19138.000004
18871.000004
18741.000004
18937.999998
18974.999997
18753.999995
19146.000000
18931.000000
18836.999992
18940.999992
19065.000006
18783.000002
18892.999994
18732.999998
19091.000004
19071.000007
18908.999994
19265.000001
18993.000004
19242.999992
19110.000007
18849.000000
19094.000001
18928.999997
19021.000002
18892.999996
19042.000000
19285.999995
19125.999999
19043.999996
18803.999996
18902.000006
19112.000003
18864.999999
19253.000001
19206.999995
18787.000001
18820.000004
19043.000012
18852.999997
19046.000002
19054.999997
18899.000004
19044.000001
19086.999998
18868.000006
18945.000002
18906.000005
18919.000003
18822.999999
19049.999999
18966.000005
18984.000003
18979.000002
19221.000001
18927.999999
18952.000000
18932.999999
18651.999999
18818.000002
18858.999995
19003.000000
18871.000000
18893.999996
19065.000001
18907.000000
18932.999994
19030.000001
19056.999976
19191.000010
19114.000005
18967.000001
19044.000001
18863.000007
19071.000001
19103.999991
19026.000002
18929.000002
19157.999992
18882.000002
19077.999995
18804.000003
18755.000000
19260.999995
18872.999998
18922.000003
18930.000002
19209.999992
19057.000008
19254.000006
18864.000008
19052.999997
19124.000007
18982.999996
19028.999998
18844.999996
19127.000008
18938.000003
19003.999993
19208.999992
18978.000003
19067.000004
19083.000003
19121.000004
19077.000002
18971.999997
19062.999998
19180.000003
18910.000001
19072.000006
19072.999999
19185.999994
19099.000001
19034.999998
19172.000001
19128.999999
19032.999999
18719.000006
19003.999997
19090.000001
19085.000004
19207.000001
18997.000000
18828.000011
19043.999998
18791.999998
19218.999995
19018.999998
19111.999999
19067.999997
19048.999997
18932.999997
18887.999999
18998.000003
18987.999994
19097.999995
19046.000001
19125.000001
19288.000001
18962.000001
19041.999998
18997.999991
19091.000009
19047.000002
18947.000000
19062.000007
18951.999999
19000.000000
18977.999999
19002.000000
19139.000001
18826.000002
19170.000003
18908.000007
18994.999997
19063.999997
19202.999999
18930.000001
18984.999998
19063.999997
18998.999993
18858.999999
19014.999999
19040.999997
19016.999999
18900.000004
18825.999998
19113.000005
18943.999996
19111.000002
19151.000002
19131.000001
18897.999997
18802.000002
19017.999995
19136.000010
19013.999997
18834.000003
19081.999996
18876.999994
19057.999993
19023.000004
18898.000007
18791.000005
18959.000006
18970.999996
19096.999994
19035.999996
18872.999998
18872.000005
19071.999993
18913.000005
19319.000001
19006.000006
18973.000008
18938.000001
18981.000002
19286.000004
18832.000003
19159.999999
18966.000002
18969.000006
19003.000000
19186.999992
18950.000001
19021.000002
19053.999994
18974.999999
18899.000004
19121.000003
18809.000003
18938.999999
19220.000000
19027.999999
19133.999997
18845.999988
18987.000003
18909.999997
18883.999992
18757.000000
19123.999998
18899.999996
18854.000000
19166.999998
18933.999996
19021.999998
18922.000000
19056.000000
18924.000005
18928.999997
18928.000005
18820.000006
18821.999997
18907.000002
18851.000001
18899.999999
19190.999996
19105.000000
18948.000010
19104.000003
19150.999998
19065.000004
19057.000005
18911.999998
18986.999998
19242.000002
19075.000001
18944.000009
19100.999996
19062.999995
18850.999992
18933.000005
19008.000004
18978.000003
19001.000000
19028.999998
18840.999998
19033.000007
19135.000002
18951.999998
19181.000000
19175.000005
19145.999998
18818.999996
18949.000004
18793.000006
19023.000005
19114.999998
19209.999998
19164.000001
19083.999995
19209.000000
18942.000004
19070.999997
18977.000001
18996.000006
18887.999997
18783.000004
18924.000002
19104.999999
19134.000000
19169.999999
19178.999997
19085.000001
19005.000005
19083.000002
19043.000001
19150.999998
18887.000001
19010.000000
18906.000005
19001.000007
18983.000002
19059.000000
19100.000000
18798.999999
18731.000005
18799.999998
19027.000002
19016.000004
19050.999997
19066.999999
18880.999997
18923.999994
18773.000002
18972.999995
19066.000001
18999.000000
19031.999997
18995.000000
19210.999997
18827.999998
18780.000004
18928.999999
18999.000004
19109.000001
18892.000002
19036.999997
19029.000001
19102.000004
19115.000002
19028.000000
19024.000006
19122.000003
18846.000002
19203.000004
19001.999996
18863.999998
19001.999995
19199.000002
18809.000007
19229.000004
19059.000008
19001.999998
19005.999999
19031.000002
18859.000006
19023.000002
18923.000001
19192.999993
18949.000005
18935.999997
19052.999999
18985.000001
18908.000002
18987.999994
18882.999998
19055.000004
18873.000001
18802.000003
19285.000001
18923.999996
19100.000003
18915.000001
18958.000002
19123.000000
19016.000001
19058.999999
19039.999995
18798.000001
19001.999996
19051.999998
19157.000001
19000.000001
19100.999999
19081.000003
18826.000001
19062.999998
19061.000004
19025.999998
19033.999998
19292.999999
18762.000001
19202.000003
19053.999997
19076.000000
18844.000000
18888.999998
18990.999998
18768.999997
19028.000000
19094.000000
18749.000000
19206.999998
19241.000006
19228.999995
18732.999979
19158.000003
18960.999996
18781.999998
18639.000003
19036.000003
18979.999997
19243.000006
18846.999991
19154.999998
18883.000001
19109.000002
18963.999995
18849.999999
19130.999992
18869.999998
19255.000002
19335.000003
19015.000004
18844.000000
19225.000007
18924.999999
18951.999996
18874.999995
18882.999997
18836.000006
18927.000003
19089.000001
19026.999996
19250.000000
18958.000006
18913.999995
19033.000002
19085.999989
19044.000000
18951.000001
19228.000004
18939.000006
19187.000004
19087.000005
19134.000000
19057.000003
19062.999995
19348.000003
18741.999999
19197.999997
19163.999993
19091.999998
19127.999992
18882.999996
19171.000002
18820.000005
18832.000001
18723.999998
18917.999997
18857.999999
19096.000011
19010.999997
19310.999994
19033.000001
18877.999998
19124.000000
19190.000000
19252.000005
18810.999997
18863.999996
19175.000001
19060.000004
18951.000000
18967.000001
18991.000002
19050.999992
18841.999998
19014.000001
18636.999995
18879.000001
19055.999994
18921.000002
18926.000000
19378.999996
18884.000000
19123.000004
18897.999998
19004.000003
19104.000001
19086.000003
18907.000001
18857.000011
19175.999995
19061.000003
19099.000001
18957.999998
18992.000000
18810.999994
19180.999996
19143.999997
18984.999997
18803.999994
19194.999999
19276.999999
19130.999999
19098.000001
18946.999999
18959.000002
19118.000006
19191.000002
18926.000000
18966.000003
18986.999999
18936.000005
18986.000002
19182.000002
19052.000013
18768.000000
18880.999998
18905.999996
19206.000003
18971.000003
18795.999999
19094.000001
19078.000000
18729.999997
19300.999997
19003.000004
18992.000016
18993.000004
19111.999997
18821.000000
19228.999998
18954.999996
18905.000006
18977.000002
18999.000000
18937.999995
18910.000003
19069.000002
19168.999998
19010.000002
19091.999998
18781.000004
19065.000002
19125.000005
18973.999992
18870.000002
18718.999991
18886.999990
18833.000002
18951.000004
18931.999994
18819.000007
18791.999999
18907.000003
18888.000003
18832.000001
19062.000002
19022.999995
18874.999995
18977.000001
19153.000001
18919.999999
19010.000006
18877.999999
19039.999989
19042.999997
18948.000000
18904.999999
19113.999997
18805.999999
19073.999984
19082.000005
18821.000006
19295.000002
19072.000001
19216.000003
19143.000001
19147.000022
18851.000001
18953.000000
18988.000007
19194.000002
19088.999993
19097.999998
18945.999998
19147.000000
19086.000001
19013.000005
19093.999998
19268.000000
19010.999996
18976.000000
19016.000007
19142.999997
19127.000002
19055.999995
19070.000004
19063.000000
18970.000001
19053.000002
18918.999996
19136.999998
18798.000002
18939.000000
19060.999995
18834.999999
18940.000001
18924.000000
18954.999999
19107.999996
19141.999999
19139.000000
19023.000003
19015.000005
18978.999997
19118.999997
19038.000005
19038.999999
18687.999998
19073.999996
19271.000000
18983.999998
19133.000009
19040.000000
19005.000002
18869.999991
19133.999997
18875.000007
18992.000000
19124.000006
18946.000001
18961.999999
18946.000007
19091.000002
19227.000002
18939.000002
19062.999999
18945.999999
18996.999999
18775.999997
19233.000010
18965.000009
18971.000002
18843.000002
18902.999996
18890.000003
18987.999996
19120.000001
19026.000000
19312.999996
18897.999993
18709.999999
18939.000002
18935.999994
19102.000004
19044.000004
18856.999997
18721.000001
18616.999999
18802.000003
18979.999999
19162.000003
19074.999996
19010.000007
19064.000003
19145.000003
18777.999997
18909.999997
19008.000007
19019.000003
18773.000002
19121.000001
19293.999999
18975.000001
18936.000001
19175.000004
18864.000006
18983.000006
19116.000002
19013.000012
19141.000002
18979.000002
18891.000002
18830.999995
19188.000001
19169.000002
18932.999996
18978.999997
18927.999997
19071.000006
19123.000002
19207.999998
19213.999998
18963.000000
19168.999998
18957.000001
19037.999999
19114.000001
18994.000000
18836.000002
18957.999991
18897.999999
18885.999990
18809.000001
19144.999996
18903.000005
18865.999999
18816.999998
18995.000005
18963.999996
18885.999996
18969.000005
18894.999999
19093.000006
19020.000011
19075.999997
19069.000002
18962.999994
19019.000000
18903.000017
18962.999999
18881.999994
18922.000004
18861.999999
18809.999999
18843.000003
18941.999997
18889.999998
18904.000000
18926.999997
19152.000003
19165.999977
19024.999996
18943.999998
18885.000008
19104.000001
18862.999996
19007.000000
19191.000004
19057.999997
18897.999996
18794.000005
18759.000001
18867.999993
18917.999999
18945.000003
19235.999998
18858.999998
19179.999998
19052.999997
19012.000000
18938.000001
18875.999993
19106.999999
19202.000003
19063.999999
18695.999999
18845.000000
19095.000008
19066.999998
18922.000003
19037.000002
18906.000000
19018.999997
18950.999999
18979.000001
18982.000007
18857.000002
19056.000006
19276.000001
19195.000006
18857.999998
18853.000002
18916.000004
18824.000001
18937.000008
18928.999999
18874.999995
18964.000000
19195.999995
18896.999988
19165.000002
19166.000002
19153.999999
19007.000004
19006.000002
19394.000000
18998.000004
19065.000001
18811.000002
18811.000000
18847.000000
19216.000000
18931.000003
19105.999999
18950.999995
18791.999992
19068.999995
19100.999998
18911.000009
19027.999995
19069.000001
19130.000008
18891.000000
18910.999999
18844.000000
18948.000001
19167.999996
18992.000000
18892.000001
18949.000004
18925.999998
19324.000000
18878.999997
19153.999996
19186.000002
18960.999995
18996.000003
19230.000001
18882.999997
18981.999999
18881.000006
18952.999997
18876.000002
19023.000002
19154.999998
18837.000000
18908.000003
18716.000002
18832.999999
18863.999992
18787.000002
19045.000002
18930.000003
18929.999995
18878.000002
19080.000005
19041.999994
18846.999999
19140.999997
19117.999989
18915.999996
19120.000000
19081.999996
18844.999999
18977.000002
18793.000001
19083.999999
18870.000001
19039.999995
19127.000003
19025.000000
18949.000004
19113.000007
19072.999998
18931.999998
18972.999994
18850.999995
19102.000004
18866.999998
18913.999998
19139.999996
18909.000006
19199.999998
18987.000005
18947.000005
19050.999998
18959.999999
19090.000002
19129.999991
19266.000007
18927.000000
18887.999999
19039.999996
19205.999993
18862.999999
19005.999997
19108.000003
18990.999992
18972.000004
19081.000003
19008.999999
18949.999999
19109.000004
18998.000002
18737.999999
19091.999996
18963.000000
19065.999998
19305.999998
19027.000009
19236.000010
18976.000000
19109.000000
19106.999999
18972.999994
18908.999997
19247.000001
19071.999998
19079.999999
18771.000003
19186.000000
18882.000003
18782.999998
18868.999998
19089.000000
19066.000003
19005.999994
19147.000000
18855.999997
18991.000012
19000.999998
18802.999998
18967.999998
19086.999997
18998.000000
19066.000000
19006.999998
18832.999993
18742.999995
18810.000001
18973.999995
18813.000004
18985.000003
19095.000000
18962.999997
18870.000005
18882.000004
18946.999997
18922.000001
19073.000002
